<?xml version="1.0" encoding="UTF-8"?>
<!-- Generated by org.testng.reporters.JUnitXMLReporter -->
<testsuite ignored="1" hostname="LAPTOP-7TGO9AJM" failures="0" tests="1" name="Test(failed)" time="0.037" errors="0" timestamp="2025-11-08T14:40:43 CST">
  <testcase classname="tests.LoginApplication" name="loginfailure" time="0.0">
    <skipped/>
  </testcase> <!-- loginfailure -->
  <testcase classname="tests.LoginApplication" name="login" time="0.0">
    <ignored/>
  </testcase> <!-- login -->
</testsuite> <!-- Test(failed) -->
